Traceback (most recent call last):
  File "/ext3/miniforge3/lib/python3.12/site-packages/jupyter_cache/executors/utils.py", line 58, in single_nb_execution
    executenb(
  File "/ext3/miniforge3/lib/python3.12/site-packages/nbclient/client.py", line 1319, in execute
    return NotebookClient(nb=nb, resources=resources, km=km, **kwargs).execute()
           ^^^^^^^^^^^^^^^^^^^^^^^^^^^^^^^^^^^^^^^^^^^^^^^^^^^^^^^^^^^^^^^^^^^^^
  File "/ext3/miniforge3/lib/python3.12/site-packages/jupyter_core/utils/__init__.py", line 165, in wrapped
    return loop.run_until_complete(inner)
           ^^^^^^^^^^^^^^^^^^^^^^^^^^^^^^
  File "/ext3/miniforge3/lib/python3.12/asyncio/base_events.py", line 686, in run_until_complete
    return future.result()
           ^^^^^^^^^^^^^^^
  File "/ext3/miniforge3/lib/python3.12/site-packages/nbclient/client.py", line 709, in async_execute
    await self.async_execute_cell(
  File "/ext3/miniforge3/lib/python3.12/site-packages/nbclient/client.py", line 1062, in async_execute_cell
    await self._check_raise_for_error(cell, cell_index, exec_reply)
  File "/ext3/miniforge3/lib/python3.12/site-packages/nbclient/client.py", line 918, in _check_raise_for_error
    raise CellExecutionError.from_cell_and_msg(cell, exec_reply_content)
nbclient.exceptions.CellExecutionError: An error occurred while executing the following cell:
------------------
url_base = 'http://www.nber.org/~rdehejia/data/nsw.dta'
data = pd.read_stata(url_base)
------------------


[0;31m---------------------------------------------------------------------------[0m
[0;31mSSLCertVerificationError[0m                  Traceback (most recent call last)
File [0;32m/ext3/miniforge3/lib/python3.12/urllib/request.py:1344[0m, in [0;36mAbstractHTTPHandler.do_open[0;34m(self, http_class, req, **http_conn_args)[0m
[1;32m   1343[0m [38;5;28;01mtry[39;00m:
[0;32m-> 1344[0m     [43mh[49m[38;5;241;43m.[39;49m[43mrequest[49m[43m([49m[43mreq[49m[38;5;241;43m.[39;49m[43mget_method[49m[43m([49m[43m)[49m[43m,[49m[43m [49m[43mreq[49m[38;5;241;43m.[39;49m[43mselector[49m[43m,[49m[43m [49m[43mreq[49m[38;5;241;43m.[39;49m[43mdata[49m[43m,[49m[43m [49m[43mheaders[49m[43m,[49m
[1;32m   1345[0m [43m              [49m[43mencode_chunked[49m[38;5;241;43m=[39;49m[43mreq[49m[38;5;241;43m.[39;49m[43mhas_header[49m[43m([49m[38;5;124;43m'[39;49m[38;5;124;43mTransfer-encoding[39;49m[38;5;124;43m'[39;49m[43m)[49m[43m)[49m
[1;32m   1346[0m [38;5;28;01mexcept[39;00m [38;5;167;01mOSError[39;00m [38;5;28;01mas[39;00m err: [38;5;66;03m# timeout error[39;00m

File [0;32m/ext3/miniforge3/lib/python3.12/http/client.py:1336[0m, in [0;36mHTTPConnection.request[0;34m(self, method, url, body, headers, encode_chunked)[0m
[1;32m   1335[0m [38;5;250m[39m[38;5;124;03m"""Send a complete request to the server."""[39;00m
[0;32m-> 1336[0m [38;5;28;43mself[39;49m[38;5;241;43m.[39;49m[43m_send_request[49m[43m([49m[43mmethod[49m[43m,[49m[43m [49m[43murl[49m[43m,[49m[43m [49m[43mbody[49m[43m,[49m[43m [49m[43mheaders[49m[43m,[49m[43m [49m[43mencode_chunked[49m[43m)[49m

File [0;32m/ext3/miniforge3/lib/python3.12/http/client.py:1382[0m, in [0;36mHTTPConnection._send_request[0;34m(self, method, url, body, headers, encode_chunked)[0m
[1;32m   1381[0m     body [38;5;241m=[39m _encode(body, [38;5;124m'[39m[38;5;124mbody[39m[38;5;124m'[39m)
[0;32m-> 1382[0m [38;5;28;43mself[39;49m[38;5;241;43m.[39;49m[43mendheaders[49m[43m([49m[43mbody[49m[43m,[49m[43m [49m[43mencode_chunked[49m[38;5;241;43m=[39;49m[43mencode_chunked[49m[43m)[49m

File [0;32m/ext3/miniforge3/lib/python3.12/http/client.py:1331[0m, in [0;36mHTTPConnection.endheaders[0;34m(self, message_body, encode_chunked)[0m
[1;32m   1330[0m     [38;5;28;01mraise[39;00m CannotSendHeader()
[0;32m-> 1331[0m [38;5;28;43mself[39;49m[38;5;241;43m.[39;49m[43m_send_output[49m[43m([49m[43mmessage_body[49m[43m,[49m[43m [49m[43mencode_chunked[49m[38;5;241;43m=[39;49m[43mencode_chunked[49m[43m)[49m

File [0;32m/ext3/miniforge3/lib/python3.12/http/client.py:1091[0m, in [0;36mHTTPConnection._send_output[0;34m(self, message_body, encode_chunked)[0m
[1;32m   1090[0m [38;5;28;01mdel[39;00m [38;5;28mself[39m[38;5;241m.[39m_buffer[:]
[0;32m-> 1091[0m [38;5;28;43mself[39;49m[38;5;241;43m.[39;49m[43msend[49m[43m([49m[43mmsg[49m[43m)[49m
[1;32m   1093[0m [38;5;28;01mif[39;00m message_body [38;5;129;01mis[39;00m [38;5;129;01mnot[39;00m [38;5;28;01mNone[39;00m:
[1;32m   1094[0m 
[1;32m   1095[0m     [38;5;66;03m# create a consistent interface to message_body[39;00m

File [0;32m/ext3/miniforge3/lib/python3.12/http/client.py:1035[0m, in [0;36mHTTPConnection.send[0;34m(self, data)[0m
[1;32m   1034[0m [38;5;28;01mif[39;00m [38;5;28mself[39m[38;5;241m.[39mauto_open:
[0;32m-> 1035[0m     [38;5;28;43mself[39;49m[38;5;241;43m.[39;49m[43mconnect[49m[43m([49m[43m)[49m
[1;32m   1036[0m [38;5;28;01melse[39;00m:

File [0;32m/ext3/miniforge3/lib/python3.12/http/client.py:1477[0m, in [0;36mHTTPSConnection.connect[0;34m(self)[0m
[1;32m   1475[0m     server_hostname [38;5;241m=[39m [38;5;28mself[39m[38;5;241m.[39mhost
[0;32m-> 1477[0m [38;5;28mself[39m[38;5;241m.[39msock [38;5;241m=[39m [38;5;28;43mself[39;49m[38;5;241;43m.[39;49m[43m_context[49m[38;5;241;43m.[39;49m[43mwrap_socket[49m[43m([49m[38;5;28;43mself[39;49m[38;5;241;43m.[39;49m[43msock[49m[43m,[49m
[1;32m   1478[0m [43m                                      [49m[43mserver_hostname[49m[38;5;241;43m=[39;49m[43mserver_hostname[49m[43m)[49m

File [0;32m/ext3/miniforge3/lib/python3.12/ssl.py:455[0m, in [0;36mSSLContext.wrap_socket[0;34m(self, sock, server_side, do_handshake_on_connect, suppress_ragged_eofs, server_hostname, session)[0m
[1;32m    449[0m [38;5;28;01mdef[39;00m [38;5;21mwrap_socket[39m([38;5;28mself[39m, sock, server_side[38;5;241m=[39m[38;5;28;01mFalse[39;00m,
[1;32m    450[0m                 do_handshake_on_connect[38;5;241m=[39m[38;5;28;01mTrue[39;00m,
[1;32m    451[0m                 suppress_ragged_eofs[38;5;241m=[39m[38;5;28;01mTrue[39;00m,
[1;32m    452[0m                 server_hostname[38;5;241m=[39m[38;5;28;01mNone[39;00m, session[38;5;241m=[39m[38;5;28;01mNone[39;00m):
[1;32m    453[0m     [38;5;66;03m# SSLSocket class handles server_hostname encoding before it calls[39;00m
[1;32m    454[0m     [38;5;66;03m# ctx._wrap_socket()[39;00m
[0;32m--> 455[0m     [38;5;28;01mreturn[39;00m [38;5;28;43mself[39;49m[38;5;241;43m.[39;49m[43msslsocket_class[49m[38;5;241;43m.[39;49m[43m_create[49m[43m([49m
[1;32m    456[0m [43m        [49m[43msock[49m[38;5;241;43m=[39;49m[43msock[49m[43m,[49m
[1;32m    457[0m [43m        [49m[43mserver_side[49m[38;5;241;43m=[39;49m[43mserver_side[49m[43m,[49m
[1;32m    458[0m [43m        [49m[43mdo_handshake_on_connect[49m[38;5;241;43m=[39;49m[43mdo_handshake_on_connect[49m[43m,[49m
[1;32m    459[0m [43m        [49m[43msuppress_ragged_eofs[49m[38;5;241;43m=[39;49m[43msuppress_ragged_eofs[49m[43m,[49m
[1;32m    460[0m [43m        [49m[43mserver_hostname[49m[38;5;241;43m=[39;49m[43mserver_hostname[49m[43m,[49m
[1;32m    461[0m [43m        [49m[43mcontext[49m[38;5;241;43m=[39;49m[38;5;28;43mself[39;49m[43m,[49m
[1;32m    462[0m [43m        [49m[43msession[49m[38;5;241;43m=[39;49m[43msession[49m
[1;32m    463[0m [43m    [49m[43m)[49m

File [0;32m/ext3/miniforge3/lib/python3.12/ssl.py:1041[0m, in [0;36mSSLSocket._create[0;34m(cls, sock, server_side, do_handshake_on_connect, suppress_ragged_eofs, server_hostname, context, session)[0m
[1;32m   1040[0m                 [38;5;28;01mraise[39;00m [38;5;167;01mValueError[39;00m([38;5;124m"[39m[38;5;124mdo_handshake_on_connect should not be specified for non-blocking sockets[39m[38;5;124m"[39m)
[0;32m-> 1041[0m             [38;5;28;43mself[39;49m[38;5;241;43m.[39;49m[43mdo_handshake[49m[43m([49m[43m)[49m
[1;32m   1042[0m [38;5;28;01mexcept[39;00m:

File [0;32m/ext3/miniforge3/lib/python3.12/ssl.py:1319[0m, in [0;36mSSLSocket.do_handshake[0;34m(self, block)[0m
[1;32m   1318[0m         [38;5;28mself[39m[38;5;241m.[39msettimeout([38;5;28;01mNone[39;00m)
[0;32m-> 1319[0m     [38;5;28;43mself[39;49m[38;5;241;43m.[39;49m[43m_sslobj[49m[38;5;241;43m.[39;49m[43mdo_handshake[49m[43m([49m[43m)[49m
[1;32m   1320[0m [38;5;28;01mfinally[39;00m:

[0;31mSSLCertVerificationError[0m: [SSL: CERTIFICATE_VERIFY_FAILED] certificate verify failed: unable to get local issuer certificate (_ssl.c:1000)

During handling of the above exception, another exception occurred:

[0;31mURLError[0m                                  Traceback (most recent call last)
Cell [0;32mIn[2], line 2[0m
[1;32m      1[0m url_base [38;5;241m=[39m [38;5;124m'[39m[38;5;124mhttp://www.nber.org/~rdehejia/data/nsw.dta[39m[38;5;124m'[39m
[0;32m----> 2[0m data [38;5;241m=[39m [43mpd[49m[38;5;241;43m.[39;49m[43mread_stata[49m[43m([49m[43murl_base[49m[43m)[49m

File [0;32m~/.local/lib/python3.12/site-packages/pandas/io/stata.py:2109[0m, in [0;36mread_stata[0;34m(filepath_or_buffer, convert_dates, convert_categoricals, index_col, convert_missing, preserve_dtypes, columns, order_categoricals, chunksize, iterator, compression, storage_options)[0m
[1;32m   2106[0m     [38;5;28;01mreturn[39;00m reader
[1;32m   2108[0m [38;5;28;01mwith[39;00m reader:
[0;32m-> 2109[0m     [38;5;28;01mreturn[39;00m [43mreader[49m[38;5;241;43m.[39;49m[43mread[49m[43m([49m[43m)[49m

File [0;32m~/.local/lib/python3.12/site-packages/pandas/io/stata.py:1683[0m, in [0;36mStataReader.read[0;34m(self, nrows, convert_dates, convert_categoricals, index_col, convert_missing, preserve_dtypes, columns, order_categoricals)[0m
[1;32m   1671[0m [38;5;129m@Appender[39m(_read_method_doc)
[1;32m   1672[0m [38;5;28;01mdef[39;00m [38;5;21mread[39m(
[1;32m   1673[0m     [38;5;28mself[39m,
[0;32m   (...)[0m
[1;32m   1681[0m     order_categoricals: [38;5;28mbool[39m [38;5;241m|[39m [38;5;28;01mNone[39;00m [38;5;241m=[39m [38;5;28;01mNone[39;00m,
[1;32m   1682[0m ) [38;5;241m-[39m[38;5;241m>[39m DataFrame:
[0;32m-> 1683[0m     [38;5;28;43mself[39;49m[38;5;241;43m.[39;49m[43m_ensure_open[49m[43m([49m[43m)[49m
[1;32m   1685[0m     [38;5;66;03m# Handle options[39;00m
[1;32m   1686[0m     [38;5;28;01mif[39;00m convert_dates [38;5;129;01mis[39;00m [38;5;28;01mNone[39;00m:

File [0;32m~/.local/lib/python3.12/site-packages/pandas/io/stata.py:1175[0m, in [0;36mStataReader._ensure_open[0;34m(self)[0m
[1;32m   1171[0m [38;5;250m[39m[38;5;124;03m"""[39;00m
[1;32m   1172[0m [38;5;124;03mEnsure the file has been opened and its header data read.[39;00m
[1;32m   1173[0m [38;5;124;03m"""[39;00m
[1;32m   1174[0m [38;5;28;01mif[39;00m [38;5;129;01mnot[39;00m [38;5;28mhasattr[39m([38;5;28mself[39m, [38;5;124m"[39m[38;5;124m_path_or_buf[39m[38;5;124m"[39m):
[0;32m-> 1175[0m     [38;5;28;43mself[39;49m[38;5;241;43m.[39;49m[43m_open_file[49m[43m([49m[43m)[49m

File [0;32m~/.local/lib/python3.12/site-packages/pandas/io/stata.py:1188[0m, in [0;36mStataReader._open_file[0;34m(self)[0m
[1;32m   1181[0m [38;5;28;01mif[39;00m [38;5;129;01mnot[39;00m [38;5;28mself[39m[38;5;241m.[39m_entered:
[1;32m   1182[0m     warnings[38;5;241m.[39mwarn(
[1;32m   1183[0m         [38;5;124m"[39m[38;5;124mStataReader is being used without using a context manager. [39m[38;5;124m"[39m
[1;32m   1184[0m         [38;5;124m"[39m[38;5;124mUsing StataReader as a context manager is the only supported method.[39m[38;5;124m"[39m,
[1;32m   1185[0m         [38;5;167;01mResourceWarning[39;00m,
[1;32m   1186[0m         stacklevel[38;5;241m=[39mfind_stack_level(),
[1;32m   1187[0m     )
[0;32m-> 1188[0m handles [38;5;241m=[39m [43mget_handle[49m[43m([49m
[1;32m   1189[0m [43m    [49m[38;5;28;43mself[39;49m[38;5;241;43m.[39;49m[43m_original_path_or_buf[49m[43m,[49m
[1;32m   1190[0m [43m    [49m[38;5;124;43m"[39;49m[38;5;124;43mrb[39;49m[38;5;124;43m"[39;49m[43m,[49m
[1;32m   1191[0m [43m    [49m[43mstorage_options[49m[38;5;241;43m=[39;49m[38;5;28;43mself[39;49m[38;5;241;43m.[39;49m[43m_storage_options[49m[43m,[49m
[1;32m   1192[0m [43m    [49m[43mis_text[49m[38;5;241;43m=[39;49m[38;5;28;43;01mFalse[39;49;00m[43m,[49m
[1;32m   1193[0m [43m    [49m[43mcompression[49m[38;5;241;43m=[39;49m[38;5;28;43mself[39;49m[38;5;241;43m.[39;49m[43m_compression[49m[43m,[49m
[1;32m   1194[0m [43m[49m[43m)[49m
[1;32m   1195[0m [38;5;28;01mif[39;00m [38;5;28mhasattr[39m(handles[38;5;241m.[39mhandle, [38;5;124m"[39m[38;5;124mseekable[39m[38;5;124m"[39m) [38;5;129;01mand[39;00m handles[38;5;241m.[39mhandle[38;5;241m.[39mseekable():
[1;32m   1196[0m     [38;5;66;03m# If the handle is directly seekable, use it without an extra copy.[39;00m
[1;32m   1197[0m     [38;5;28mself[39m[38;5;241m.[39m_path_or_buf [38;5;241m=[39m handles[38;5;241m.[39mhandle

File [0;32m~/.local/lib/python3.12/site-packages/pandas/io/common.py:728[0m, in [0;36mget_handle[0;34m(path_or_buf, mode, encoding, compression, memory_map, is_text, errors, storage_options)[0m
[1;32m    725[0m     codecs[38;5;241m.[39mlookup_error(errors)
[1;32m    727[0m [38;5;66;03m# open URLs[39;00m
[0;32m--> 728[0m ioargs [38;5;241m=[39m [43m_get_filepath_or_buffer[49m[43m([49m
[1;32m    729[0m [43m    [49m[43mpath_or_buf[49m[43m,[49m
[1;32m    730[0m [43m    [49m[43mencoding[49m[38;5;241;43m=[39;49m[43mencoding[49m[43m,[49m
[1;32m    731[0m [43m    [49m[43mcompression[49m[38;5;241;43m=[39;49m[43mcompression[49m[43m,[49m
[1;32m    732[0m [43m    [49m[43mmode[49m[38;5;241;43m=[39;49m[43mmode[49m[43m,[49m
[1;32m    733[0m [43m    [49m[43mstorage_options[49m[38;5;241;43m=[39;49m[43mstorage_options[49m[43m,[49m
[1;32m    734[0m [43m[49m[43m)[49m
[1;32m    736[0m handle [38;5;241m=[39m ioargs[38;5;241m.[39mfilepath_or_buffer
[1;32m    737[0m handles: [38;5;28mlist[39m[BaseBuffer]

File [0;32m~/.local/lib/python3.12/site-packages/pandas/io/common.py:384[0m, in [0;36m_get_filepath_or_buffer[0;34m(filepath_or_buffer, encoding, compression, mode, storage_options)[0m
[1;32m    382[0m [38;5;66;03m# assuming storage_options is to be interpreted as headers[39;00m
[1;32m    383[0m req_info [38;5;241m=[39m urllib[38;5;241m.[39mrequest[38;5;241m.[39mRequest(filepath_or_buffer, headers[38;5;241m=[39mstorage_options)
[0;32m--> 384[0m [38;5;28;01mwith[39;00m [43murlopen[49m[43m([49m[43mreq_info[49m[43m)[49m [38;5;28;01mas[39;00m req:
[1;32m    385[0m     content_encoding [38;5;241m=[39m req[38;5;241m.[39mheaders[38;5;241m.[39mget([38;5;124m"[39m[38;5;124mContent-Encoding[39m[38;5;124m"[39m, [38;5;28;01mNone[39;00m)
[1;32m    386[0m     [38;5;28;01mif[39;00m content_encoding [38;5;241m==[39m [38;5;124m"[39m[38;5;124mgzip[39m[38;5;124m"[39m:
[1;32m    387[0m         [38;5;66;03m# Override compression based on Content-Encoding header[39;00m

File [0;32m~/.local/lib/python3.12/site-packages/pandas/io/common.py:289[0m, in [0;36murlopen[0;34m(*args, **kwargs)[0m
[1;32m    283[0m [38;5;250m[39m[38;5;124;03m"""[39;00m
[1;32m    284[0m [38;5;124;03mLazy-import wrapper for stdlib urlopen, as that imports a big chunk of[39;00m
[1;32m    285[0m [38;5;124;03mthe stdlib.[39;00m
[1;32m    286[0m [38;5;124;03m"""[39;00m
[1;32m    287[0m [38;5;28;01mimport[39;00m [38;5;21;01murllib[39;00m[38;5;21;01m.[39;00m[38;5;21;01mrequest[39;00m
[0;32m--> 289[0m [38;5;28;01mreturn[39;00m [43murllib[49m[38;5;241;43m.[39;49m[43mrequest[49m[38;5;241;43m.[39;49m[43murlopen[49m[43m([49m[38;5;241;43m*[39;49m[43margs[49m[43m,[49m[43m [49m[38;5;241;43m*[39;49m[38;5;241;43m*[39;49m[43mkwargs[49m[43m)[49m

File [0;32m/ext3/miniforge3/lib/python3.12/urllib/request.py:215[0m, in [0;36murlopen[0;34m(url, data, timeout, cafile, capath, cadefault, context)[0m
[1;32m    213[0m [38;5;28;01melse[39;00m:
[1;32m    214[0m     opener [38;5;241m=[39m _opener
[0;32m--> 215[0m [38;5;28;01mreturn[39;00m [43mopener[49m[38;5;241;43m.[39;49m[43mopen[49m[43m([49m[43murl[49m[43m,[49m[43m [49m[43mdata[49m[43m,[49m[43m [49m[43mtimeout[49m[43m)[49m

File [0;32m/ext3/miniforge3/lib/python3.12/urllib/request.py:521[0m, in [0;36mOpenerDirector.open[0;34m(self, fullurl, data, timeout)[0m
[1;32m    519[0m [38;5;28;01mfor[39;00m processor [38;5;129;01min[39;00m [38;5;28mself[39m[38;5;241m.[39mprocess_response[38;5;241m.[39mget(protocol, []):
[1;32m    520[0m     meth [38;5;241m=[39m [38;5;28mgetattr[39m(processor, meth_name)
[0;32m--> 521[0m     response [38;5;241m=[39m [43mmeth[49m[43m([49m[43mreq[49m[43m,[49m[43m [49m[43mresponse[49m[43m)[49m
[1;32m    523[0m [38;5;28;01mreturn[39;00m response

File [0;32m/ext3/miniforge3/lib/python3.12/urllib/request.py:630[0m, in [0;36mHTTPErrorProcessor.http_response[0;34m(self, request, response)[0m
[1;32m    627[0m [38;5;66;03m# According to RFC 2616, "2xx" code indicates that the client's[39;00m
[1;32m    628[0m [38;5;66;03m# request was successfully received, understood, and accepted.[39;00m
[1;32m    629[0m [38;5;28;01mif[39;00m [38;5;129;01mnot[39;00m ([38;5;241m200[39m [38;5;241m<[39m[38;5;241m=[39m code [38;5;241m<[39m [38;5;241m300[39m):
[0;32m--> 630[0m     response [38;5;241m=[39m [38;5;28;43mself[39;49m[38;5;241;43m.[39;49m[43mparent[49m[38;5;241;43m.[39;49m[43merror[49m[43m([49m
[1;32m    631[0m [43m        [49m[38;5;124;43m'[39;49m[38;5;124;43mhttp[39;49m[38;5;124;43m'[39;49m[43m,[49m[43m [49m[43mrequest[49m[43m,[49m[43m [49m[43mresponse[49m[43m,[49m[43m [49m[43mcode[49m[43m,[49m[43m [49m[43mmsg[49m[43m,[49m[43m [49m[43mhdrs[49m[43m)[49m
[1;32m    633[0m [38;5;28;01mreturn[39;00m response

File [0;32m/ext3/miniforge3/lib/python3.12/urllib/request.py:553[0m, in [0;36mOpenerDirector.error[0;34m(self, proto, *args)[0m
[1;32m    551[0m     http_err [38;5;241m=[39m [38;5;241m0[39m
[1;32m    552[0m args [38;5;241m=[39m ([38;5;28mdict[39m, proto, meth_name) [38;5;241m+[39m args
[0;32m--> 553[0m result [38;5;241m=[39m [38;5;28;43mself[39;49m[38;5;241;43m.[39;49m[43m_call_chain[49m[43m([49m[38;5;241;43m*[39;49m[43margs[49m[43m)[49m
[1;32m    554[0m [38;5;28;01mif[39;00m result:
[1;32m    555[0m     [38;5;28;01mreturn[39;00m result

File [0;32m/ext3/miniforge3/lib/python3.12/urllib/request.py:492[0m, in [0;36mOpenerDirector._call_chain[0;34m(self, chain, kind, meth_name, *args)[0m
[1;32m    490[0m [38;5;28;01mfor[39;00m handler [38;5;129;01min[39;00m handlers:
[1;32m    491[0m     func [38;5;241m=[39m [38;5;28mgetattr[39m(handler, meth_name)
[0;32m--> 492[0m     result [38;5;241m=[39m [43mfunc[49m[43m([49m[38;5;241;43m*[39;49m[43margs[49m[43m)[49m
[1;32m    493[0m     [38;5;28;01mif[39;00m result [38;5;129;01mis[39;00m [38;5;129;01mnot[39;00m [38;5;28;01mNone[39;00m:
[1;32m    494[0m         [38;5;28;01mreturn[39;00m result

File [0;32m/ext3/miniforge3/lib/python3.12/urllib/request.py:745[0m, in [0;36mHTTPRedirectHandler.http_error_302[0;34m(self, req, fp, code, msg, headers)[0m
[1;32m    742[0m fp[38;5;241m.[39mread()
[1;32m    743[0m fp[38;5;241m.[39mclose()
[0;32m--> 745[0m [38;5;28;01mreturn[39;00m [38;5;28;43mself[39;49m[38;5;241;43m.[39;49m[43mparent[49m[38;5;241;43m.[39;49m[43mopen[49m[43m([49m[43mnew[49m[43m,[49m[43m [49m[43mtimeout[49m[38;5;241;43m=[39;49m[43mreq[49m[38;5;241;43m.[39;49m[43mtimeout[49m[43m)[49m

File [0;32m/ext3/miniforge3/lib/python3.12/urllib/request.py:515[0m, in [0;36mOpenerDirector.open[0;34m(self, fullurl, data, timeout)[0m
[1;32m    512[0m     req [38;5;241m=[39m meth(req)
[1;32m    514[0m sys[38;5;241m.[39maudit([38;5;124m'[39m[38;5;124murllib.Request[39m[38;5;124m'[39m, req[38;5;241m.[39mfull_url, req[38;5;241m.[39mdata, req[38;5;241m.[39mheaders, req[38;5;241m.[39mget_method())
[0;32m--> 515[0m response [38;5;241m=[39m [38;5;28;43mself[39;49m[38;5;241;43m.[39;49m[43m_open[49m[43m([49m[43mreq[49m[43m,[49m[43m [49m[43mdata[49m[43m)[49m
[1;32m    517[0m [38;5;66;03m# post-process response[39;00m
[1;32m    518[0m meth_name [38;5;241m=[39m protocol[38;5;241m+[39m[38;5;124m"[39m[38;5;124m_response[39m[38;5;124m"[39m

File [0;32m/ext3/miniforge3/lib/python3.12/urllib/request.py:532[0m, in [0;36mOpenerDirector._open[0;34m(self, req, data)[0m
[1;32m    529[0m     [38;5;28;01mreturn[39;00m result
[1;32m    531[0m protocol [38;5;241m=[39m req[38;5;241m.[39mtype
[0;32m--> 532[0m result [38;5;241m=[39m [38;5;28;43mself[39;49m[38;5;241;43m.[39;49m[43m_call_chain[49m[43m([49m[38;5;28;43mself[39;49m[38;5;241;43m.[39;49m[43mhandle_open[49m[43m,[49m[43m [49m[43mprotocol[49m[43m,[49m[43m [49m[43mprotocol[49m[43m [49m[38;5;241;43m+[39;49m
[1;32m    533[0m [43m                          [49m[38;5;124;43m'[39;49m[38;5;124;43m_open[39;49m[38;5;124;43m'[39;49m[43m,[49m[43m [49m[43mreq[49m[43m)[49m
[1;32m    534[0m [38;5;28;01mif[39;00m result:
[1;32m    535[0m     [38;5;28;01mreturn[39;00m result

File [0;32m/ext3/miniforge3/lib/python3.12/urllib/request.py:492[0m, in [0;36mOpenerDirector._call_chain[0;34m(self, chain, kind, meth_name, *args)[0m
[1;32m    490[0m [38;5;28;01mfor[39;00m handler [38;5;129;01min[39;00m handlers:
[1;32m    491[0m     func [38;5;241m=[39m [38;5;28mgetattr[39m(handler, meth_name)
[0;32m--> 492[0m     result [38;5;241m=[39m [43mfunc[49m[43m([49m[38;5;241;43m*[39;49m[43margs[49m[43m)[49m
[1;32m    493[0m     [38;5;28;01mif[39;00m result [38;5;129;01mis[39;00m [38;5;129;01mnot[39;00m [38;5;28;01mNone[39;00m:
[1;32m    494[0m         [38;5;28;01mreturn[39;00m result

File [0;32m/ext3/miniforge3/lib/python3.12/urllib/request.py:1392[0m, in [0;36mHTTPSHandler.https_open[0;34m(self, req)[0m
[1;32m   1391[0m [38;5;28;01mdef[39;00m [38;5;21mhttps_open[39m([38;5;28mself[39m, req):
[0;32m-> 1392[0m     [38;5;28;01mreturn[39;00m [38;5;28;43mself[39;49m[38;5;241;43m.[39;49m[43mdo_open[49m[43m([49m[43mhttp[49m[38;5;241;43m.[39;49m[43mclient[49m[38;5;241;43m.[39;49m[43mHTTPSConnection[49m[43m,[49m[43m [49m[43mreq[49m[43m,[49m
[1;32m   1393[0m [43m                        [49m[43mcontext[49m[38;5;241;43m=[39;49m[38;5;28;43mself[39;49m[38;5;241;43m.[39;49m[43m_context[49m[43m)[49m

File [0;32m/ext3/miniforge3/lib/python3.12/urllib/request.py:1347[0m, in [0;36mAbstractHTTPHandler.do_open[0;34m(self, http_class, req, **http_conn_args)[0m
[1;32m   1344[0m         h[38;5;241m.[39mrequest(req[38;5;241m.[39mget_method(), req[38;5;241m.[39mselector, req[38;5;241m.[39mdata, headers,
[1;32m   1345[0m                   encode_chunked[38;5;241m=[39mreq[38;5;241m.[39mhas_header([38;5;124m'[39m[38;5;124mTransfer-encoding[39m[38;5;124m'[39m))
[1;32m   1346[0m     [38;5;28;01mexcept[39;00m [38;5;167;01mOSError[39;00m [38;5;28;01mas[39;00m err: [38;5;66;03m# timeout error[39;00m
[0;32m-> 1347[0m         [38;5;28;01mraise[39;00m URLError(err)
[1;32m   1348[0m     r [38;5;241m=[39m h[38;5;241m.[39mgetresponse()
[1;32m   1349[0m [38;5;28;01mexcept[39;00m:

[0;31mURLError[0m: <urlopen error [SSL: CERTIFICATE_VERIFY_FAILED] certificate verify failed: unable to get local issuer certificate (_ssl.c:1000)>

